Importing data files...
['ToyModelSim_e2_1.csv']
Splitting data into training and test sets with a ratio of: 0.2
Total number of training samples is 1600
Total number of test samples is 400
Length of an output spectrum is 300
Generating torch datasets
Importing data files...
['Pretrain_e2_1.csv']
Total number of pretraining samples is 2000
Length of an output parameter set is 312
Generating torch datasets
Geometry boundary is set to: [20, 200, 20, 100]
Making network now
Forward(
  (linears): ModuleList(
    (0): Linear(in_features=8, out_features=500, bias=True)
    (1): Linear(in_features=500, out_features=500, bias=True)
    (2): Linear(in_features=500, out_features=13, bias=True)
  )
  (bn_linears): ModuleList(
    (0): BatchNorm1d(500, eps=1e-05, momentum=0.1, affine=True, track_running_stats=True)
    (1): BatchNorm1d(500, eps=1e-05, momentum=0.1, affine=True, track_running_stats=True)
    (2): BatchNorm1d(13, eps=1e-05, momentum=0.1, affine=True, track_running_stats=True)
  )
  (convs): ModuleList(
    (0): ConvTranspose1d(1, 4, kernel_size=(8,), stride=(2,), padding=(3,))
    (1): ConvTranspose1d(4, 4, kernel_size=(5,), stride=(1,), padding=(2,))
    (2): ConvTranspose1d(4, 4, kernel_size=(5,), stride=(1,), padding=(2,))
    (3): Conv1d(4, 1, kernel_size=(1,), stride=(1,))
  )
)
Start training now...
Starting pre-training process
This is Epoch 0, pretraining loss 1.08908
Saving the model...
This is Epoch 20, pretraining loss 0.69326
Saving the model...
This is Epoch 40, pretraining loss 0.60992
Saving the model...
This is Epoch 60, pretraining loss 0.53560
Saving the model...
This is Epoch 80, pretraining loss 0.46929
Saving the model...
This is Epoch 100, pretraining loss 0.41035
Saving the model...
This is Epoch 120, pretraining loss 0.35815
Saving the model...
This is Epoch 140, pretraining loss 0.31203
Saving the model...
This is Epoch 160, pretraining loss 0.27123
Saving the model...
This is Epoch 180, pretraining loss 0.23529
Saving the model...
Starting training process
Doing Evaluation on the model now
This is Epoch 0, training loss 186.39899, validation loss 5922.43164
Saving the model...
Doing Evaluation on the model now
This is Epoch 1, training loss 155.61082, validation loss 1562.64746
Saving the model...
Doing Evaluation on the model now
This is Epoch 2, training loss 123.28801, validation loss 985.65399
Saving the model...
Doing Evaluation on the model now
This is Epoch 3, training loss 113.59939, validation loss 474.16559
Saving the model...
Doing Evaluation on the model now
This is Epoch 4, training loss 110.12286, validation loss 338.71201
Saving the model...
Doing Evaluation on the model now
This is Epoch 5, training loss 110.46170, validation loss 676.87201
Doing Evaluation on the model now
This is Epoch 6, training loss 101.42608, validation loss 270.34760
Saving the model...
Doing Evaluation on the model now
This is Epoch 7, training loss 100.85493, validation loss 233.24020
Saving the model...
Doing Evaluation on the model now
This is Epoch 8, training loss 99.11385, validation loss 189.77927
Saving the model...
Doing Evaluation on the model now
This is Epoch 9, training loss 101.58980, validation loss 149.81830
Saving the model...
